[    3455ms] [WARNING] Google Maps JavaScript API has been loaded directly without loading=async. This can result in suboptimal performance. For best-practice loading patterns please see https://goo.gle/js-api-loading @ https://maps.googleapis.com/maps/api/js?key=AIzaSyBGCiX3V0iXi1mtOKdes-3I2hXf5LJRls0&libraries=places&callback=initRoofMap:1425
[    3459ms] [WARNING] As of March 1st, 2025, google.maps.places.AutocompleteService is not available to new customers. Please use google.maps.places.AutocompleteSuggestion instead. At this time, google.maps.places.AutocompleteService is not scheduled to be discontinued, but google.maps.places.AutocompleteSuggestion is recommended over google.maps.places.AutocompleteService. While google.maps.places.AutocompleteService will continue to receive bug fixes for any major regressions, existing bugs in google.maps.places.AutocompleteService will not be addressed. At least 12 months notice will be given before support is discontinued. Please see https://developers.google.com/maps/legacy for additional details and https://developers.google.com/maps/documentation/javascript/places-migration-overview for the migration guide. @ https://maps.googleapis.com/maps/api/js?key=AIzaSyBGCiX3V0iXi1mtOKdes-3I2hXf5LJRls0&libraries=places&callback=initRoofMap:60
[    3797ms] [ERROR] Google Maps JavaScript API error: RefererNotAllowedMapError
https://developers.google.com/maps/documentation/javascript/error-messages#referer-not-allowed-map-error
Your site URL to be authorized: http://localhost:4322/buy @ https://maps.googleapis.com/maps/api/js?key=AIzaSyBGCiX3V0iXi1mtOKdes-3I2hXf5LJRls0&libraries=places&callback=initRoofMap:1288
[    3797ms] [WARNING] Google Maps auth failed — running in demo mode @ http://localhost:4322/buy:2376
[    3907ms] [WARNING] Google Maps JavaScript API has been loaded directly without loading=async. This can result in suboptimal performance. For best-practice loading patterns please see https://goo.gle/js-api-loading @ https://maps.googleapis.com/maps/api/js?key=AIzaSyBGCiX3V0iXi1mtOKdes-3I2hXf5LJRls0&libraries=places&callback=initRoofMap:1425
[    3919ms] [WARNING] As of March 1st, 2025, google.maps.places.AutocompleteService is not available to new customers. Please use google.maps.places.AutocompleteSuggestion instead. At this time, google.maps.places.AutocompleteService is not scheduled to be discontinued, but google.maps.places.AutocompleteSuggestion is recommended over google.maps.places.AutocompleteService. While google.maps.places.AutocompleteService will continue to receive bug fixes for any major regressions, existing bugs in google.maps.places.AutocompleteService will not be addressed. At least 12 months notice will be given before support is discontinued. Please see https://developers.google.com/maps/legacy for additional details and https://developers.google.com/maps/documentation/javascript/places-migration-overview for the migration guide. @ https://maps.googleapis.com/maps/api/js?key=AIzaSyBGCiX3V0iXi1mtOKdes-3I2hXf5LJRls0&libraries=places&callback=initRoofMap:60
[    4009ms] [ERROR] Google Maps JavaScript API error: RefererNotAllowedMapError
https://developers.google.com/maps/documentation/javascript/error-messages#referer-not-allowed-map-error
Your site URL to be authorized: http://localhost:4322/buy @ https://maps.googleapis.com/maps/api/js?key=AIzaSyBGCiX3V0iXi1mtOKdes-3I2hXf5LJRls0&libraries=places&callback=initRoofMap:1288
[    4010ms] [WARNING] Google Maps auth failed — running in demo mode @ http://localhost:4322/buy:2376
[  162406ms] [WARNING] Google Maps JavaScript API has been loaded directly without loading=async. This can result in suboptimal performance. For best-practice loading patterns please see https://goo.gle/js-api-loading @ https://maps.googleapis.com/maps/api/js?key=AIzaSyBGCiX3V0iXi1mtOKdes-3I2hXf5LJRls0&libraries=places&callback=initRoofMap:1425
[  162412ms] [WARNING] As of March 1st, 2025, google.maps.places.AutocompleteService is not available to new customers. Please use google.maps.places.AutocompleteSuggestion instead. At this time, google.maps.places.AutocompleteService is not scheduled to be discontinued, but google.maps.places.AutocompleteSuggestion is recommended over google.maps.places.AutocompleteService. While google.maps.places.AutocompleteService will continue to receive bug fixes for any major regressions, existing bugs in google.maps.places.AutocompleteService will not be addressed. At least 12 months notice will be given before support is discontinued. Please see https://developers.google.com/maps/legacy for additional details and https://developers.google.com/maps/documentation/javascript/places-migration-overview for the migration guide. @ https://maps.googleapis.com/maps/api/js?key=AIzaSyBGCiX3V0iXi1mtOKdes-3I2hXf5LJRls0&libraries=places&callback=initRoofMap:60
[  163156ms] [ERROR] Google Maps JavaScript API error: RefererNotAllowedMapError
https://developers.google.com/maps/documentation/javascript/error-messages#referer-not-allowed-map-error
Your site URL to be authorized: http://localhost:4322/buy @ https://maps.googleapis.com/maps/api/js?key=AIzaSyBGCiX3V0iXi1mtOKdes-3I2hXf5LJRls0&libraries=places&callback=initRoofMap:1288
[  163156ms] [WARNING] Google Maps auth failed — running in demo mode @ http://localhost:4322/buy:2376
[  167374ms] [WARNING] Google Maps JavaScript API has been loaded directly without loading=async. This can result in suboptimal performance. For best-practice loading patterns please see https://goo.gle/js-api-loading @ https://maps.googleapis.com/maps/api/js?key=AIzaSyBGCiX3V0iXi1mtOKdes-3I2hXf5LJRls0&libraries=places&callback=initRoofMap:1425
[  167380ms] [WARNING] As of March 1st, 2025, google.maps.places.AutocompleteService is not available to new customers. Please use google.maps.places.AutocompleteSuggestion instead. At this time, google.maps.places.AutocompleteService is not scheduled to be discontinued, but google.maps.places.AutocompleteSuggestion is recommended over google.maps.places.AutocompleteService. While google.maps.places.AutocompleteService will continue to receive bug fixes for any major regressions, existing bugs in google.maps.places.AutocompleteService will not be addressed. At least 12 months notice will be given before support is discontinued. Please see https://developers.google.com/maps/legacy for additional details and https://developers.google.com/maps/documentation/javascript/places-migration-overview for the migration guide. @ https://maps.googleapis.com/maps/api/js?key=AIzaSyBGCiX3V0iXi1mtOKdes-3I2hXf5LJRls0&libraries=places&callback=initRoofMap:60
[  167874ms] [ERROR] Google Maps JavaScript API error: RefererNotAllowedMapError
https://developers.google.com/maps/documentation/javascript/error-messages#referer-not-allowed-map-error
Your site URL to be authorized: http://localhost:4322/buy @ https://maps.googleapis.com/maps/api/js?key=AIzaSyBGCiX3V0iXi1mtOKdes-3I2hXf5LJRls0&libraries=places&callback=initRoofMap:1288
[  167874ms] [WARNING] Google Maps auth failed — running in demo mode @ http://localhost:4322/buy:2376
[  172221ms] [WARNING] Google Maps JavaScript API has been loaded directly without loading=async. This can result in suboptimal performance. For best-practice loading patterns please see https://goo.gle/js-api-loading @ https://maps.googleapis.com/maps/api/js?key=AIzaSyBGCiX3V0iXi1mtOKdes-3I2hXf5LJRls0&libraries=places&callback=initRoofMap:1425
[  172226ms] [WARNING] As of March 1st, 2025, google.maps.places.AutocompleteService is not available to new customers. Please use google.maps.places.AutocompleteSuggestion instead. At this time, google.maps.places.AutocompleteService is not scheduled to be discontinued, but google.maps.places.AutocompleteSuggestion is recommended over google.maps.places.AutocompleteService. While google.maps.places.AutocompleteService will continue to receive bug fixes for any major regressions, existing bugs in google.maps.places.AutocompleteService will not be addressed. At least 12 months notice will be given before support is discontinued. Please see https://developers.google.com/maps/legacy for additional details and https://developers.google.com/maps/documentation/javascript/places-migration-overview for the migration guide. @ https://maps.googleapis.com/maps/api/js?key=AIzaSyBGCiX3V0iXi1mtOKdes-3I2hXf5LJRls0&libraries=places&callback=initRoofMap:60
[  172947ms] [ERROR] Google Maps JavaScript API error: RefererNotAllowedMapError
https://developers.google.com/maps/documentation/javascript/error-messages#referer-not-allowed-map-error
Your site URL to be authorized: http://localhost:4322/buy @ https://maps.googleapis.com/maps/api/js?key=AIzaSyBGCiX3V0iXi1mtOKdes-3I2hXf5LJRls0&libraries=places&callback=initRoofMap:1288
[  172947ms] [WARNING] Google Maps auth failed — running in demo mode @ http://localhost:4322/buy:2376
[  181621ms] [WARNING] Google Maps JavaScript API has been loaded directly without loading=async. This can result in suboptimal performance. For best-practice loading patterns please see https://goo.gle/js-api-loading @ https://maps.googleapis.com/maps/api/js?key=AIzaSyBGCiX3V0iXi1mtOKdes-3I2hXf5LJRls0&libraries=places&callback=initRoofMap:1425
[  181627ms] [WARNING] As of March 1st, 2025, google.maps.places.AutocompleteService is not available to new customers. Please use google.maps.places.AutocompleteSuggestion instead. At this time, google.maps.places.AutocompleteService is not scheduled to be discontinued, but google.maps.places.AutocompleteSuggestion is recommended over google.maps.places.AutocompleteService. While google.maps.places.AutocompleteService will continue to receive bug fixes for any major regressions, existing bugs in google.maps.places.AutocompleteService will not be addressed. At least 12 months notice will be given before support is discontinued. Please see https://developers.google.com/maps/legacy for additional details and https://developers.google.com/maps/documentation/javascript/places-migration-overview for the migration guide. @ https://maps.googleapis.com/maps/api/js?key=AIzaSyBGCiX3V0iXi1mtOKdes-3I2hXf5LJRls0&libraries=places&callback=initRoofMap:60
[  182228ms] [ERROR] Google Maps JavaScript API error: RefererNotAllowedMapError
https://developers.google.com/maps/documentation/javascript/error-messages#referer-not-allowed-map-error
Your site URL to be authorized: http://localhost:4322/buy @ https://maps.googleapis.com/maps/api/js?key=AIzaSyBGCiX3V0iXi1mtOKdes-3I2hXf5LJRls0&libraries=places&callback=initRoofMap:1288
[  182229ms] [WARNING] Google Maps auth failed — running in demo mode @ http://localhost:4322/buy:2376
[  190659ms] [WARNING] Google Maps JavaScript API has been loaded directly without loading=async. This can result in suboptimal performance. For best-practice loading patterns please see https://goo.gle/js-api-loading @ https://maps.googleapis.com/maps/api/js?key=AIzaSyBGCiX3V0iXi1mtOKdes-3I2hXf5LJRls0&libraries=places&callback=initRoofMap:1425
[  190665ms] [WARNING] As of March 1st, 2025, google.maps.places.AutocompleteService is not available to new customers. Please use google.maps.places.AutocompleteSuggestion instead. At this time, google.maps.places.AutocompleteService is not scheduled to be discontinued, but google.maps.places.AutocompleteSuggestion is recommended over google.maps.places.AutocompleteService. While google.maps.places.AutocompleteService will continue to receive bug fixes for any major regressions, existing bugs in google.maps.places.AutocompleteService will not be addressed. At least 12 months notice will be given before support is discontinued. Please see https://developers.google.com/maps/legacy for additional details and https://developers.google.com/maps/documentation/javascript/places-migration-overview for the migration guide. @ https://maps.googleapis.com/maps/api/js?key=AIzaSyBGCiX3V0iXi1mtOKdes-3I2hXf5LJRls0&libraries=places&callback=initRoofMap:60
[  191451ms] [ERROR] Google Maps JavaScript API error: RefererNotAllowedMapError
https://developers.google.com/maps/documentation/javascript/error-messages#referer-not-allowed-map-error
Your site URL to be authorized: http://localhost:4322/buy @ https://maps.googleapis.com/maps/api/js?key=AIzaSyBGCiX3V0iXi1mtOKdes-3I2hXf5LJRls0&libraries=places&callback=initRoofMap:1288
[  191451ms] [WARNING] Google Maps auth failed — running in demo mode @ http://localhost:4322/buy:2376
[  207109ms] [WARNING] Google Maps JavaScript API has been loaded directly without loading=async. This can result in suboptimal performance. For best-practice loading patterns please see https://goo.gle/js-api-loading @ https://maps.googleapis.com/maps/api/js?key=AIzaSyBGCiX3V0iXi1mtOKdes-3I2hXf5LJRls0&libraries=places&callback=initRoofMap:1425
[  207114ms] [WARNING] As of March 1st, 2025, google.maps.places.AutocompleteService is not available to new customers. Please use google.maps.places.AutocompleteSuggestion instead. At this time, google.maps.places.AutocompleteService is not scheduled to be discontinued, but google.maps.places.AutocompleteSuggestion is recommended over google.maps.places.AutocompleteService. While google.maps.places.AutocompleteService will continue to receive bug fixes for any major regressions, existing bugs in google.maps.places.AutocompleteService will not be addressed. At least 12 months notice will be given before support is discontinued. Please see https://developers.google.com/maps/legacy for additional details and https://developers.google.com/maps/documentation/javascript/places-migration-overview for the migration guide. @ https://maps.googleapis.com/maps/api/js?key=AIzaSyBGCiX3V0iXi1mtOKdes-3I2hXf5LJRls0&libraries=places&callback=initRoofMap:60
[  207711ms] [ERROR] Google Maps JavaScript API error: RefererNotAllowedMapError
https://developers.google.com/maps/documentation/javascript/error-messages#referer-not-allowed-map-error
Your site URL to be authorized: http://localhost:4322/buy @ https://maps.googleapis.com/maps/api/js?key=AIzaSyBGCiX3V0iXi1mtOKdes-3I2hXf5LJRls0&libraries=places&callback=initRoofMap:1288
[  207711ms] [WARNING] Google Maps auth failed — running in demo mode @ http://localhost:4322/buy:2376
[  225543ms] [WARNING] Google Maps JavaScript API has been loaded directly without loading=async. This can result in suboptimal performance. For best-practice loading patterns please see https://goo.gle/js-api-loading @ https://maps.googleapis.com/maps/api/js?key=AIzaSyBGCiX3V0iXi1mtOKdes-3I2hXf5LJRls0&libraries=places&callback=initRoofMap:1425
[  225551ms] [WARNING] As of March 1st, 2025, google.maps.places.AutocompleteService is not available to new customers. Please use google.maps.places.AutocompleteSuggestion instead. At this time, google.maps.places.AutocompleteService is not scheduled to be discontinued, but google.maps.places.AutocompleteSuggestion is recommended over google.maps.places.AutocompleteService. While google.maps.places.AutocompleteService will continue to receive bug fixes for any major regressions, existing bugs in google.maps.places.AutocompleteService will not be addressed. At least 12 months notice will be given before support is discontinued. Please see https://developers.google.com/maps/legacy for additional details and https://developers.google.com/maps/documentation/javascript/places-migration-overview for the migration guide. @ https://maps.googleapis.com/maps/api/js?key=AIzaSyBGCiX3V0iXi1mtOKdes-3I2hXf5LJRls0&libraries=places&callback=initRoofMap:60
[  225958ms] [ERROR] Google Maps JavaScript API error: RefererNotAllowedMapError
https://developers.google.com/maps/documentation/javascript/error-messages#referer-not-allowed-map-error
Your site URL to be authorized: http://localhost:4322/buy @ https://maps.googleapis.com/maps/api/js?key=AIzaSyBGCiX3V0iXi1mtOKdes-3I2hXf5LJRls0&libraries=places&callback=initRoofMap:1288
[  225958ms] [WARNING] Google Maps auth failed — running in demo mode @ http://localhost:4322/buy:2376
[  243561ms] [WARNING] Google Maps JavaScript API has been loaded directly without loading=async. This can result in suboptimal performance. For best-practice loading patterns please see https://goo.gle/js-api-loading @ https://maps.googleapis.com/maps/api/js?key=AIzaSyBGCiX3V0iXi1mtOKdes-3I2hXf5LJRls0&libraries=places&callback=initRoofMap:1425
[  243565ms] [WARNING] As of March 1st, 2025, google.maps.places.AutocompleteService is not available to new customers. Please use google.maps.places.AutocompleteSuggestion instead. At this time, google.maps.places.AutocompleteService is not scheduled to be discontinued, but google.maps.places.AutocompleteSuggestion is recommended over google.maps.places.AutocompleteService. While google.maps.places.AutocompleteService will continue to receive bug fixes for any major regressions, existing bugs in google.maps.places.AutocompleteService will not be addressed. At least 12 months notice will be given before support is discontinued. Please see https://developers.google.com/maps/legacy for additional details and https://developers.google.com/maps/documentation/javascript/places-migration-overview for the migration guide. @ https://maps.googleapis.com/maps/api/js?key=AIzaSyBGCiX3V0iXi1mtOKdes-3I2hXf5LJRls0&libraries=places&callback=initRoofMap:60
[  244017ms] [ERROR] Google Maps JavaScript API error: RefererNotAllowedMapError
https://developers.google.com/maps/documentation/javascript/error-messages#referer-not-allowed-map-error
Your site URL to be authorized: http://localhost:4322/buy @ https://maps.googleapis.com/maps/api/js?key=AIzaSyBGCiX3V0iXi1mtOKdes-3I2hXf5LJRls0&libraries=places&callback=initRoofMap:1288
[  244018ms] [WARNING] Google Maps auth failed — running in demo mode @ http://localhost:4322/buy:2376
[  248788ms] [WARNING] Google Maps JavaScript API has been loaded directly without loading=async. This can result in suboptimal performance. For best-practice loading patterns please see https://goo.gle/js-api-loading @ https://maps.googleapis.com/maps/api/js?key=AIzaSyBGCiX3V0iXi1mtOKdes-3I2hXf5LJRls0&libraries=places&callback=initRoofMap:1425
[  248793ms] [WARNING] As of March 1st, 2025, google.maps.places.AutocompleteService is not available to new customers. Please use google.maps.places.AutocompleteSuggestion instead. At this time, google.maps.places.AutocompleteService is not scheduled to be discontinued, but google.maps.places.AutocompleteSuggestion is recommended over google.maps.places.AutocompleteService. While google.maps.places.AutocompleteService will continue to receive bug fixes for any major regressions, existing bugs in google.maps.places.AutocompleteService will not be addressed. At least 12 months notice will be given before support is discontinued. Please see https://developers.google.com/maps/legacy for additional details and https://developers.google.com/maps/documentation/javascript/places-migration-overview for the migration guide. @ https://maps.googleapis.com/maps/api/js?key=AIzaSyBGCiX3V0iXi1mtOKdes-3I2hXf5LJRls0&libraries=places&callback=initRoofMap:60
[  249327ms] [ERROR] Google Maps JavaScript API error: RefererNotAllowedMapError
https://developers.google.com/maps/documentation/javascript/error-messages#referer-not-allowed-map-error
Your site URL to be authorized: http://localhost:4322/buy @ https://maps.googleapis.com/maps/api/js?key=AIzaSyBGCiX3V0iXi1mtOKdes-3I2hXf5LJRls0&libraries=places&callback=initRoofMap:1288
[  249328ms] [WARNING] Google Maps auth failed — running in demo mode @ http://localhost:4322/buy:2376
[  254142ms] [WARNING] Google Maps JavaScript API has been loaded directly without loading=async. This can result in suboptimal performance. For best-practice loading patterns please see https://goo.gle/js-api-loading @ https://maps.googleapis.com/maps/api/js?key=AIzaSyBGCiX3V0iXi1mtOKdes-3I2hXf5LJRls0&libraries=places&callback=initRoofMap:1425
[  254150ms] [WARNING] As of March 1st, 2025, google.maps.places.AutocompleteService is not available to new customers. Please use google.maps.places.AutocompleteSuggestion instead. At this time, google.maps.places.AutocompleteService is not scheduled to be discontinued, but google.maps.places.AutocompleteSuggestion is recommended over google.maps.places.AutocompleteService. While google.maps.places.AutocompleteService will continue to receive bug fixes for any major regressions, existing bugs in google.maps.places.AutocompleteService will not be addressed. At least 12 months notice will be given before support is discontinued. Please see https://developers.google.com/maps/legacy for additional details and https://developers.google.com/maps/documentation/javascript/places-migration-overview for the migration guide. @ https://maps.googleapis.com/maps/api/js?key=AIzaSyBGCiX3V0iXi1mtOKdes-3I2hXf5LJRls0&libraries=places&callback=initRoofMap:60
[  254981ms] [ERROR] Google Maps JavaScript API error: RefererNotAllowedMapError
https://developers.google.com/maps/documentation/javascript/error-messages#referer-not-allowed-map-error
Your site URL to be authorized: http://localhost:4322/buy @ https://maps.googleapis.com/maps/api/js?key=AIzaSyBGCiX3V0iXi1mtOKdes-3I2hXf5LJRls0&libraries=places&callback=initRoofMap:1288
[  254981ms] [WARNING] Google Maps auth failed — running in demo mode @ http://localhost:4322/buy:2376
[  260434ms] [WARNING] Google Maps JavaScript API has been loaded directly without loading=async. This can result in suboptimal performance. For best-practice loading patterns please see https://goo.gle/js-api-loading @ https://maps.googleapis.com/maps/api/js?key=AIzaSyBGCiX3V0iXi1mtOKdes-3I2hXf5LJRls0&libraries=places&callback=initRoofMap:1425
[  260439ms] [WARNING] As of March 1st, 2025, google.maps.places.AutocompleteService is not available to new customers. Please use google.maps.places.AutocompleteSuggestion instead. At this time, google.maps.places.AutocompleteService is not scheduled to be discontinued, but google.maps.places.AutocompleteSuggestion is recommended over google.maps.places.AutocompleteService. While google.maps.places.AutocompleteService will continue to receive bug fixes for any major regressions, existing bugs in google.maps.places.AutocompleteService will not be addressed. At least 12 months notice will be given before support is discontinued. Please see https://developers.google.com/maps/legacy for additional details and https://developers.google.com/maps/documentation/javascript/places-migration-overview for the migration guide. @ https://maps.googleapis.com/maps/api/js?key=AIzaSyBGCiX3V0iXi1mtOKdes-3I2hXf5LJRls0&libraries=places&callback=initRoofMap:60
[  261003ms] [ERROR] Google Maps JavaScript API error: RefererNotAllowedMapError
https://developers.google.com/maps/documentation/javascript/error-messages#referer-not-allowed-map-error
Your site URL to be authorized: http://localhost:4322/buy @ https://maps.googleapis.com/maps/api/js?key=AIzaSyBGCiX3V0iXi1mtOKdes-3I2hXf5LJRls0&libraries=places&callback=initRoofMap:1288
[  261003ms] [WARNING] Google Maps auth failed — running in demo mode @ http://localhost:4322/buy:2376
[  265716ms] [WARNING] Google Maps JavaScript API has been loaded directly without loading=async. This can result in suboptimal performance. For best-practice loading patterns please see https://goo.gle/js-api-loading @ https://maps.googleapis.com/maps/api/js?key=AIzaSyBGCiX3V0iXi1mtOKdes-3I2hXf5LJRls0&libraries=places&callback=initRoofMap:1425
[  265722ms] [WARNING] As of March 1st, 2025, google.maps.places.AutocompleteService is not available to new customers. Please use google.maps.places.AutocompleteSuggestion instead. At this time, google.maps.places.AutocompleteService is not scheduled to be discontinued, but google.maps.places.AutocompleteSuggestion is recommended over google.maps.places.AutocompleteService. While google.maps.places.AutocompleteService will continue to receive bug fixes for any major regressions, existing bugs in google.maps.places.AutocompleteService will not be addressed. At least 12 months notice will be given before support is discontinued. Please see https://developers.google.com/maps/legacy for additional details and https://developers.google.com/maps/documentation/javascript/places-migration-overview for the migration guide. @ https://maps.googleapis.com/maps/api/js?key=AIzaSyBGCiX3V0iXi1mtOKdes-3I2hXf5LJRls0&libraries=places&callback=initRoofMap:60
[  266286ms] [ERROR] Google Maps JavaScript API error: RefererNotAllowedMapError
https://developers.google.com/maps/documentation/javascript/error-messages#referer-not-allowed-map-error
Your site URL to be authorized: http://localhost:4322/buy @ https://maps.googleapis.com/maps/api/js?key=AIzaSyBGCiX3V0iXi1mtOKdes-3I2hXf5LJRls0&libraries=places&callback=initRoofMap:1288
[  266286ms] [WARNING] Google Maps auth failed — running in demo mode @ http://localhost:4322/buy:2376
[  275748ms] [WARNING] Google Maps JavaScript API has been loaded directly without loading=async. This can result in suboptimal performance. For best-practice loading patterns please see https://goo.gle/js-api-loading @ https://maps.googleapis.com/maps/api/js?key=AIzaSyBGCiX3V0iXi1mtOKdes-3I2hXf5LJRls0&libraries=places&callback=initRoofMap:1425
[  275755ms] [WARNING] As of March 1st, 2025, google.maps.places.AutocompleteService is not available to new customers. Please use google.maps.places.AutocompleteSuggestion instead. At this time, google.maps.places.AutocompleteService is not scheduled to be discontinued, but google.maps.places.AutocompleteSuggestion is recommended over google.maps.places.AutocompleteService. While google.maps.places.AutocompleteService will continue to receive bug fixes for any major regressions, existing bugs in google.maps.places.AutocompleteService will not be addressed. At least 12 months notice will be given before support is discontinued. Please see https://developers.google.com/maps/legacy for additional details and https://developers.google.com/maps/documentation/javascript/places-migration-overview for the migration guide. @ https://maps.googleapis.com/maps/api/js?key=AIzaSyBGCiX3V0iXi1mtOKdes-3I2hXf5LJRls0&libraries=places&callback=initRoofMap:60
[  276374ms] [ERROR] Google Maps JavaScript API error: RefererNotAllowedMapError
https://developers.google.com/maps/documentation/javascript/error-messages#referer-not-allowed-map-error
Your site URL to be authorized: http://localhost:4322/buy @ https://maps.googleapis.com/maps/api/js?key=AIzaSyBGCiX3V0iXi1mtOKdes-3I2hXf5LJRls0&libraries=places&callback=initRoofMap:1288
[  276374ms] [WARNING] Google Maps auth failed — running in demo mode @ http://localhost:4322/buy:2376
[  282004ms] [WARNING] Google Maps JavaScript API has been loaded directly without loading=async. This can result in suboptimal performance. For best-practice loading patterns please see https://goo.gle/js-api-loading @ https://maps.googleapis.com/maps/api/js?key=AIzaSyBGCiX3V0iXi1mtOKdes-3I2hXf5LJRls0&libraries=places&callback=initRoofMap:1425
[  282009ms] [WARNING] As of March 1st, 2025, google.maps.places.AutocompleteService is not available to new customers. Please use google.maps.places.AutocompleteSuggestion instead. At this time, google.maps.places.AutocompleteService is not scheduled to be discontinued, but google.maps.places.AutocompleteSuggestion is recommended over google.maps.places.AutocompleteService. While google.maps.places.AutocompleteService will continue to receive bug fixes for any major regressions, existing bugs in google.maps.places.AutocompleteService will not be addressed. At least 12 months notice will be given before support is discontinued. Please see https://developers.google.com/maps/legacy for additional details and https://developers.google.com/maps/documentation/javascript/places-migration-overview for the migration guide. @ https://maps.googleapis.com/maps/api/js?key=AIzaSyBGCiX3V0iXi1mtOKdes-3I2hXf5LJRls0&libraries=places&callback=initRoofMap:60
[  282815ms] [ERROR] Google Maps JavaScript API error: RefererNotAllowedMapError
https://developers.google.com/maps/documentation/javascript/error-messages#referer-not-allowed-map-error
Your site URL to be authorized: http://localhost:4322/buy @ https://maps.googleapis.com/maps/api/js?key=AIzaSyBGCiX3V0iXi1mtOKdes-3I2hXf5LJRls0&libraries=places&callback=initRoofMap:1288
[  282815ms] [WARNING] Google Maps auth failed — running in demo mode @ http://localhost:4322/buy:2377
[  288820ms] [WARNING] Google Maps JavaScript API has been loaded directly without loading=async. This can result in suboptimal performance. For best-practice loading patterns please see https://goo.gle/js-api-loading @ https://maps.googleapis.com/maps/api/js?key=AIzaSyBGCiX3V0iXi1mtOKdes-3I2hXf5LJRls0&libraries=places&callback=initRoofMap:1425
[  288824ms] [WARNING] As of March 1st, 2025, google.maps.places.AutocompleteService is not available to new customers. Please use google.maps.places.AutocompleteSuggestion instead. At this time, google.maps.places.AutocompleteService is not scheduled to be discontinued, but google.maps.places.AutocompleteSuggestion is recommended over google.maps.places.AutocompleteService. While google.maps.places.AutocompleteService will continue to receive bug fixes for any major regressions, existing bugs in google.maps.places.AutocompleteService will not be addressed. At least 12 months notice will be given before support is discontinued. Please see https://developers.google.com/maps/legacy for additional details and https://developers.google.com/maps/documentation/javascript/places-migration-overview for the migration guide. @ https://maps.googleapis.com/maps/api/js?key=AIzaSyBGCiX3V0iXi1mtOKdes-3I2hXf5LJRls0&libraries=places&callback=initRoofMap:60
[  289535ms] [ERROR] Google Maps JavaScript API error: RefererNotAllowedMapError
https://developers.google.com/maps/documentation/javascript/error-messages#referer-not-allowed-map-error
Your site URL to be authorized: http://localhost:4322/buy @ https://maps.googleapis.com/maps/api/js?key=AIzaSyBGCiX3V0iXi1mtOKdes-3I2hXf5LJRls0&libraries=places&callback=initRoofMap:1288
[  289535ms] [WARNING] Google Maps auth failed — running in demo mode @ http://localhost:4322/buy:2377
